mode: set
incrediblefour/features/comment/services/service.go:15.56,19.2 1 1
incrediblefour/features/comment/services/service.go:21.109,23.17 2 1
incrediblefour/features/comment/services/service.go:27.2,28.16 2 1
incrediblefour/features/comment/services/service.go:38.2,40.17 2 0
incrediblefour/features/comment/services/service.go:23.17,25.3 1 0
incrediblefour/features/comment/services/service.go:28.16,30.49 2 0
incrediblefour/features/comment/services/service.go:35.3,35.41 1 0
incrediblefour/features/comment/services/service.go:30.49,32.4 1 0
incrediblefour/features/comment/services/service.go:32.9,34.4 1 0
incrediblefour/features/comment/services/service.go:43.71,46.13 2 0
incrediblefour/features/comment/services/service.go:50.2,51.16 2 0
incrediblefour/features/comment/services/service.go:56.2,56.12 1 0
incrediblefour/features/comment/services/service.go:46.13,48.3 1 0
incrediblefour/features/comment/services/service.go:51.16,54.3 2 0
incrediblefour/features/content/services/service.go:19.56,24.2 1 1
incrediblefour/features/content/services/service.go:26.126,29.17 2 0
incrediblefour/features/content/services/service.go:32.2,33.16 2 0
incrediblefour/features/content/services/service.go:40.2,40.31 1 0
incrediblefour/features/content/services/service.go:44.2,45.16 2 0
incrediblefour/features/content/services/service.go:49.2,49.32 1 0
incrediblefour/features/content/services/service.go:52.2,56.16 4 0
incrediblefour/features/content/services/service.go:60.2,63.16 3 0
incrediblefour/features/content/services/service.go:72.2,74.17 2 0
incrediblefour/features/content/services/service.go:29.17,31.3 1 0
incrediblefour/features/content/services/service.go:33.16,34.59 1 0
incrediblefour/features/content/services/service.go:37.3,37.53 1 0
incrediblefour/features/content/services/service.go:34.59,36.4 1 0
incrediblefour/features/content/services/service.go:40.31,42.3 1 0
incrediblefour/features/content/services/service.go:45.16,47.3 1 0
incrediblefour/features/content/services/service.go:49.32,51.3 1 0
incrediblefour/features/content/services/service.go:56.16,58.3 1 0
incrediblefour/features/content/services/service.go:63.16,65.49 2 0
incrediblefour/features/content/services/service.go:70.3,70.41 1 0
incrediblefour/features/content/services/service.go:65.49,67.4 1 0
incrediblefour/features/content/services/service.go:67.9,69.4 1 0
incrediblefour/features/content/services/service.go:77.74,80.16 2 0
incrediblefour/features/content/services/service.go:89.2,89.17 1 0
incrediblefour/features/content/services/service.go:80.16,82.49 2 0
incrediblefour/features/content/services/service.go:87.3,87.41 1 0
incrediblefour/features/content/services/service.go:82.49,84.4 1 0
incrediblefour/features/content/services/service.go:84.9,86.4 1 0
incrediblefour/features/content/services/service.go:92.61,94.16 2 0
incrediblefour/features/content/services/service.go:103.2,103.17 1 0
incrediblefour/features/content/services/service.go:94.16,96.49 2 0
incrediblefour/features/content/services/service.go:101.3,101.43 1 0
incrediblefour/features/content/services/service.go:96.49,98.4 1 0
incrediblefour/features/content/services/service.go:98.9,100.4 1 0
incrediblefour/features/content/services/service.go:106.116,109.13 2 1
incrediblefour/features/content/services/service.go:113.2,114.16 2 1
incrediblefour/features/content/services/service.go:126.2,129.17 3 1
incrediblefour/features/content/services/service.go:109.13,111.3 1 1
incrediblefour/features/content/services/service.go:114.16,116.49 2 1
incrediblefour/features/content/services/service.go:123.3,123.41 1 1
incrediblefour/features/content/services/service.go:116.49,118.4 1 1
incrediblefour/features/content/services/service.go:118.9,118.59 1 1
incrediblefour/features/content/services/service.go:118.59,120.4 1 0
incrediblefour/features/content/services/service.go:120.9,122.4 1 1
incrediblefour/features/content/services/service.go:132.71,135.13 2 1
incrediblefour/features/content/services/service.go:139.2,141.16 2 1
incrediblefour/features/content/services/service.go:146.2,146.12 1 1
incrediblefour/features/content/services/service.go:135.13,137.3 1 1
incrediblefour/features/content/services/service.go:141.16,144.3 2 1
incrediblefour/features/content/services/service.go:149.72,151.16 2 0
incrediblefour/features/content/services/service.go:160.2,160.17 1 0
incrediblefour/features/content/services/service.go:151.16,153.49 2 0
incrediblefour/features/content/services/service.go:158.3,158.30 1 0
incrediblefour/features/content/services/service.go:153.49,155.4 1 0
incrediblefour/features/content/services/service.go:155.9,157.4 1 0
incrediblefour/features/comment/services/service.go:15.56,19.2 1 1
incrediblefour/features/comment/services/service.go:21.109,23.17 2 1
incrediblefour/features/comment/services/service.go:27.2,28.16 2 1
incrediblefour/features/comment/services/service.go:38.2,40.17 2 1
incrediblefour/features/comment/services/service.go:23.17,25.3 1 1
incrediblefour/features/comment/services/service.go:28.16,30.49 2 1
incrediblefour/features/comment/services/service.go:35.3,35.41 1 1
incrediblefour/features/comment/services/service.go:30.49,32.4 1 1
incrediblefour/features/comment/services/service.go:32.9,34.4 1 1
incrediblefour/features/comment/services/service.go:43.71,46.13 2 1
incrediblefour/features/comment/services/service.go:50.2,51.16 2 1
incrediblefour/features/comment/services/service.go:56.2,56.12 1 1
incrediblefour/features/comment/services/service.go:46.13,48.3 1 1
incrediblefour/features/comment/services/service.go:51.16,54.3 2 1
incrediblefour/features/user/services/service.go:21.45,25.2 1 1
incrediblefour/features/user/services/service.go:27.59,29.16 2 1
incrediblefour/features/user/services/service.go:33.2,35.16 3 1
incrediblefour/features/user/services/service.go:46.2,46.12 1 1
incrediblefour/features/user/services/service.go:29.16,32.3 2 0
incrediblefour/features/user/services/service.go:35.16,37.50 2 1
incrediblefour/features/user/services/service.go:44.3,44.25 1 1
incrediblefour/features/user/services/service.go:37.50,39.4 1 1
incrediblefour/features/user/services/service.go:39.9,39.52 1 1
incrediblefour/features/user/services/service.go:39.52,41.4 1 1
incrediblefour/features/user/services/service.go:41.9,43.4 1 1
incrediblefour/features/user/services/service.go:49.85,51.16 2 1
incrediblefour/features/user/services/service.go:61.2,61.69 1 1
incrediblefour/features/user/services/service.go:66.2,73.27 7 1
incrediblefour/features/user/services/service.go:51.16,53.49 2 1
incrediblefour/features/user/services/service.go:58.3,58.42 1 1
incrediblefour/features/user/services/service.go:53.49,55.4 1 1
incrediblefour/features/user/services/service.go:55.9,57.4 1 1
incrediblefour/features/user/services/service.go:61.69,64.3 2 1
incrediblefour/features/user/services/service.go:76.71,78.13 2 1
incrediblefour/features/user/services/service.go:82.2,83.16 2 1
incrediblefour/features/user/services/service.go:92.2,92.17 1 1
incrediblefour/features/user/services/service.go:78.13,80.3 1 0
incrediblefour/features/user/services/service.go:83.16,85.49 2 1
incrediblefour/features/user/services/service.go:90.3,90.38 1 1
incrediblefour/features/user/services/service.go:85.49,87.4 1 1
incrediblefour/features/user/services/service.go:87.9,89.4 1 1
incrediblefour/features/user/services/service.go:95.163,98.13 2 1
incrediblefour/features/user/services/service.go:102.2,104.31 2 1
incrediblefour/features/user/services/service.go:108.2,109.16 2 1
incrediblefour/features/user/services/service.go:113.2,113.32 1 0
incrediblefour/features/user/services/service.go:116.2,120.16 4 0
incrediblefour/features/user/services/service.go:124.2,126.32 2 0
incrediblefour/features/user/services/service.go:130.2,131.16 2 0
incrediblefour/features/user/services/service.go:135.2,135.33 1 0
incrediblefour/features/user/services/service.go:138.2,142.16 4 0
incrediblefour/features/user/services/service.go:145.2,148.16 3 0
incrediblefour/features/user/services/service.go:158.2,158.17 1 0
incrediblefour/features/user/services/service.go:98.13,100.3 1 0
incrediblefour/features/user/services/service.go:104.31,106.3 1 0
incrediblefour/features/user/services/service.go:109.16,111.3 1 1
incrediblefour/features/user/services/service.go:113.32,115.3 1 0
incrediblefour/features/user/services/service.go:120.16,122.3 1 0
incrediblefour/features/user/services/service.go:126.32,128.3 1 0
incrediblefour/features/user/services/service.go:131.16,133.3 1 0
incrediblefour/features/user/services/service.go:135.33,137.3 1 0
incrediblefour/features/user/services/service.go:142.16,144.3 1 0
incrediblefour/features/user/services/service.go:148.16,150.49 2 0
incrediblefour/features/user/services/service.go:155.3,155.38 1 0
incrediblefour/features/user/services/service.go:150.49,152.4 1 0
incrediblefour/features/user/services/service.go:152.9,154.4 1 0
incrediblefour/features/user/services/service.go:161.61,164.13 2 1
incrediblefour/features/user/services/service.go:168.2,169.16 2 1
incrediblefour/features/user/services/service.go:179.2,179.12 1 1
incrediblefour/features/user/services/service.go:164.13,166.3 1 1
incrediblefour/features/user/services/service.go:169.16,171.49 2 1
incrediblefour/features/user/services/service.go:176.3,176.25 1 1
incrediblefour/features/user/services/service.go:171.49,173.4 1 1
incrediblefour/features/user/services/service.go:173.9,175.4 1 1
